[2025-11-20 02:50:22] [INFO] Iniciando missão: zzz (Nvl 2) vs Orc Guerreiro
[2025-11-20 02:50:29] [COMBATE] Turno 1: zzz causou 36 de dano em Orc Guerreiro.
[2025-11-20 02:50:29] [COMBATE] Turno 1: Orc Guerreiro causou 14 de dano em zzz.
[2025-11-20 02:50:30] [COMBATE] Turno 2: zzz causou 36 de dano em Orc Guerreiro.
[2025-11-20 02:50:31] [COMBATE] Turno 2: Orc Guerreiro causou 10 de dano em zzz.
[2025-11-20 02:50:32] [COMBATE] Turno 3: zzz causou 36 de dano em Orc Guerreiro.
[2025-11-20 02:50:32] [INFO] Vitória. Ganhou 120 XP.
[2025-11-20 02:50:41] [INFO] Iniciando missão: zzz (Nvl 2) vs Orc Guerreiro
[2025-11-20 02:50:46] [INFO] zzz fugiu do Orc Guerreiro.
[2025-11-20 03:31:41] [INFO] Iniciando missão: ksl (Nvl 1) vs Lobo Selvagem
[2025-11-20 03:31:44] [COMBATE] Turno 1: ksl causou 13 de dano em Lobo Selvagem.
[2025-11-20 03:31:45] [COMBATE] Turno 1: Lobo Selvagem causou 9 de dano em ksl.
[2025-11-20 03:31:45] [COMBATE] Turno 2: ksl causou 14 de dano em Lobo Selvagem.
[2025-11-20 03:31:46] [COMBATE] Turno 2: Lobo Selvagem causou 7 de dano em ksl.
[2025-11-20 03:31:46] [COMBATE] Turno 3: ksl causou 12 de dano em Lobo Selvagem.
[2025-11-20 03:31:47] [COMBATE] Turno 3: Lobo Selvagem causou 7 de dano em ksl.
[2025-11-20 03:31:47] [COMBATE] Turno 4: ksl causou 11 de dano em Lobo Selvagem.
[2025-11-20 03:31:47] [INFO] Vitória. Ganhou 80 XP.
[2025-11-20 03:31:47] [INFO] Loot obtido: Adaga de Goblin
[2025-11-20 03:32:08] [INFO] Iniciando missão: ksl (Nvl 1) vs Lobo Selvagem
[2025-11-20 03:32:10] [COMBATE] Turno 1: ksl causou 18 de dano em Lobo Selvagem.
[2025-11-20 03:32:10] [COMBATE] Turno 1: Lobo Selvagem causou 6 de dano em ksl.
[2025-11-20 03:32:11] [COMBATE] Turno 2: ksl causou 16 de dano em Lobo Selvagem.
[2025-11-20 03:32:12] [COMBATE] Turno 2: Lobo Selvagem causou 5 de dano em ksl.
[2025-11-20 03:32:12] [COMBATE] Turno 3: ksl causou 18 de dano em Lobo Selvagem.
[2025-11-20 03:32:12] [INFO] Vitória. Ganhou 80 XP.
[2025-11-20 03:32:16] [INFO] Iniciando missão: ksl (Nvl 2) vs Lobo Selvagem
[2025-11-20 03:32:18] [COMBATE] Turno 1: ksl causou 21 de dano em Lobo Selvagem.
[2025-11-20 03:32:18] [COMBATE] Turno 1: Lobo Selvagem causou 4 de dano em ksl.
[2025-11-20 03:32:19] [COMBATE] Turno 2: ksl causou 19 de dano em Lobo Selvagem.
[2025-11-20 03:32:19] [COMBATE] Turno 2: Lobo Selvagem causou 4 de dano em ksl.
[2025-11-20 03:32:20] [COMBATE] Turno 3: ksl causou 19 de dano em Lobo Selvagem.
[2025-11-20 03:32:20] [INFO] Vitória. Ganhou 80 XP.
[2025-11-20 03:32:20] [INFO] Loot obtido: Poção de Vida
[2025-11-20 03:32:22] [INFO] Iniciando missão: ksl (Nvl 2) vs Lobo Selvagem
[2025-11-20 03:32:25] [COMBATE] Turno 1: ksl causou 19 de dano em Lobo Selvagem.
[2025-11-20 03:32:25] [COMBATE] Turno 1: Lobo Selvagem causou 6 de dano em ksl.
[2025-11-20 03:32:26] [COMBATE] Turno 2: ksl causou 19 de dano em Lobo Selvagem.
[2025-11-20 03:32:26] [COMBATE] Turno 2: Lobo Selvagem causou 5 de dano em ksl.
[2025-11-20 03:32:27] [COMBATE] Turno 3: ksl causou 19 de dano em Lobo Selvagem.
[2025-11-20 03:32:27] [INFO] Vitória. Ganhou 80 XP.
[2025-11-20 03:32:27] [INFO] Loot obtido: Escudo Quebrado
[2025-11-20 03:32:36] [INFO] Iniciando missão: ksl (Nvl 3) vs Orc Guerreiro
[2025-11-20 03:32:37] [COMBATE] Turno 1: ksl causou 22 de dano em Orc Guerreiro.
[2025-11-20 03:32:38] [COMBATE] Turno 1: Orc Guerreiro causou 9 de dano em ksl.
[2025-11-20 03:32:38] [COMBATE] Turno 2: ksl causou 18 de dano em Orc Guerreiro.
[2025-11-20 03:32:39] [COMBATE] Turno 2: Orc Guerreiro causou 10 de dano em ksl.
[2025-11-20 03:32:39] [COMBATE] Turno 3: ksl causou 18 de dano em Orc Guerreiro.
[2025-11-20 03:32:40] [COMBATE] Turno 3: Orc Guerreiro causou 5 de dano em ksl.
[2025-11-20 03:32:40] [COMBATE] Turno 4: ksl causou 21 de dano em Orc Guerreiro.
[2025-11-20 03:32:41] [COMBATE] Turno 4: Orc Guerreiro causou 5 de dano em ksl.
[2025-11-20 03:32:41] [COMBATE] Turno 5: ksl causou 21 de dano em Orc Guerreiro.
[2025-11-20 03:32:41] [INFO] Vitória. Ganhou 120 XP.
[2025-11-20 03:32:41] [INFO] Loot obtido: Escudo Quebrado
[2025-11-20 03:33:06] [INFO] Iniciando missão: ksl (Nvl 3) vs Lobo Selvagem
[2025-11-20 03:33:10] [COMBATE] Turno 1: ksl causou 20 de dano em Lobo Selvagem.
[2025-11-20 03:33:10] [COMBATE] Turno 1: Lobo Selvagem causou 2 de dano em ksl.
[2025-11-20 03:33:11] [COMBATE] Turno 2: ksl causou 23 de dano em Lobo Selvagem.
[2025-11-20 03:33:11] [COMBATE] Turno 2: Lobo Selvagem causou 3 de dano em ksl.
[2025-11-20 03:33:12] [COMBATE] Turno 3: ksl causou 19 de dano em Lobo Selvagem.
[2025-11-20 03:33:12] [INFO] Vitória. Ganhou 80 XP.
[2025-11-20 03:33:12] [INFO] Loot obtido: Poção de Vida
