[2025-11-20 02:50:22] [INFO] Iniciando missão: zzz (Nvl 2) vs Orc Guerreiro
[2025-11-20 02:50:29] [COMBATE] Turno 1: zzz causou 36 de dano em Orc Guerreiro.
[2025-11-20 02:50:29] [COMBATE] Turno 1: Orc Guerreiro causou 14 de dano em zzz.
[2025-11-20 02:50:30] [COMBATE] Turno 2: zzz causou 36 de dano em Orc Guerreiro.
[2025-11-20 02:50:31] [COMBATE] Turno 2: Orc Guerreiro causou 10 de dano em zzz.
[2025-11-20 02:50:32] [COMBATE] Turno 3: zzz causou 36 de dano em Orc Guerreiro.
[2025-11-20 02:50:32] [INFO] Vitória. Ganhou 120 XP.
[2025-11-20 02:50:41] [INFO] Iniciando missão: zzz (Nvl 2) vs Orc Guerreiro
[2025-11-20 02:50:46] [INFO] zzz fugiu do Orc Guerreiro.
[2025-11-20 03:31:41] [INFO] Iniciando missão: ksl (Nvl 1) vs Lobo Selvagem
[2025-11-20 03:31:44] [COMBATE] Turno 1: ksl causou 13 de dano em Lobo Selvagem.
[2025-11-20 03:31:45] [COMBATE] Turno 1: Lobo Selvagem causou 9 de dano em ksl.
[2025-11-20 03:31:45] [COMBATE] Turno 2: ksl causou 14 de dano em Lobo Selvagem.
[2025-11-20 03:31:46] [COMBATE] Turno 2: Lobo Selvagem causou 7 de dano em ksl.
[2025-11-20 03:31:46] [COMBATE] Turno 3: ksl causou 12 de dano em Lobo Selvagem.
[2025-11-20 03:31:47] [COMBATE] Turno 3: Lobo Selvagem causou 7 de dano em ksl.
[2025-11-20 03:31:47] [COMBATE] Turno 4: ksl causou 11 de dano em Lobo Selvagem.
[2025-11-20 03:31:47] [INFO] Vitória. Ganhou 80 XP.
[2025-11-20 03:31:47] [INFO] Loot obtido: Adaga de Goblin
[2025-11-20 03:32:08] [INFO] Iniciando missão: ksl (Nvl 1) vs Lobo Selvagem
[2025-11-20 03:32:10] [COMBATE] Turno 1: ksl causou 18 de dano em Lobo Selvagem.
[2025-11-20 03:32:10] [COMBATE] Turno 1: Lobo Selvagem causou 6 de dano em ksl.
[2025-11-20 03:32:11] [COMBATE] Turno 2: ksl causou 16 de dano em Lobo Selvagem.
[2025-11-20 03:32:12] [COMBATE] Turno 2: Lobo Selvagem causou 5 de dano em ksl.
[2025-11-20 03:32:12] [COMBATE] Turno 3: ksl causou 18 de dano em Lobo Selvagem.
[2025-11-20 03:32:12] [INFO] Vitória. Ganhou 80 XP.
[2025-11-20 03:32:16] [INFO] Iniciando missão: ksl (Nvl 2) vs Lobo Selvagem
[2025-11-20 03:32:18] [COMBATE] Turno 1: ksl causou 21 de dano em Lobo Selvagem.
[2025-11-20 03:32:18] [COMBATE] Turno 1: Lobo Selvagem causou 4 de dano em ksl.
[2025-11-20 03:32:19] [COMBATE] Turno 2: ksl causou 19 de dano em Lobo Selvagem.
[2025-11-20 03:32:19] [COMBATE] Turno 2: Lobo Selvagem causou 4 de dano em ksl.
[2025-11-20 03:32:20] [COMBATE] Turno 3: ksl causou 19 de dano em Lobo Selvagem.
[2025-11-20 03:32:20] [INFO] Vitória. Ganhou 80 XP.
[2025-11-20 03:32:20] [INFO] Loot obtido: Poção de Vida
[2025-11-20 03:32:22] [INFO] Iniciando missão: ksl (Nvl 2) vs Lobo Selvagem
[2025-11-20 03:32:25] [COMBATE] Turno 1: ksl causou 19 de dano em Lobo Selvagem.
[2025-11-20 03:32:25] [COMBATE] Turno 1: Lobo Selvagem causou 6 de dano em ksl.
[2025-11-20 03:32:26] [COMBATE] Turno 2: ksl causou 19 de dano em Lobo Selvagem.
[2025-11-20 03:32:26] [COMBATE] Turno 2: Lobo Selvagem causou 5 de dano em ksl.
[2025-11-20 03:32:27] [COMBATE] Turno 3: ksl causou 19 de dano em Lobo Selvagem.
[2025-11-20 03:32:27] [INFO] Vitória. Ganhou 80 XP.
[2025-11-20 03:32:27] [INFO] Loot obtido: Escudo Quebrado
[2025-11-20 03:32:36] [INFO] Iniciando missão: ksl (Nvl 3) vs Orc Guerreiro
[2025-11-20 03:32:37] [COMBATE] Turno 1: ksl causou 22 de dano em Orc Guerreiro.
[2025-11-20 03:32:38] [COMBATE] Turno 1: Orc Guerreiro causou 9 de dano em ksl.
[2025-11-20 03:32:38] [COMBATE] Turno 2: ksl causou 18 de dano em Orc Guerreiro.
[2025-11-20 03:32:39] [COMBATE] Turno 2: Orc Guerreiro causou 10 de dano em ksl.
[2025-11-20 03:32:39] [COMBATE] Turno 3: ksl causou 18 de dano em Orc Guerreiro.
[2025-11-20 03:32:40] [COMBATE] Turno 3: Orc Guerreiro causou 5 de dano em ksl.
[2025-11-20 03:32:40] [COMBATE] Turno 4: ksl causou 21 de dano em Orc Guerreiro.
[2025-11-20 03:32:41] [COMBATE] Turno 4: Orc Guerreiro causou 5 de dano em ksl.
[2025-11-20 03:32:41] [COMBATE] Turno 5: ksl causou 21 de dano em Orc Guerreiro.
[2025-11-20 03:32:41] [INFO] Vitória. Ganhou 120 XP.
[2025-11-20 03:32:41] [INFO] Loot obtido: Escudo Quebrado
[2025-11-20 03:33:06] [INFO] Iniciando missão: ksl (Nvl 3) vs Lobo Selvagem
[2025-11-20 03:33:10] [COMBATE] Turno 1: ksl causou 20 de dano em Lobo Selvagem.
[2025-11-20 03:33:10] [COMBATE] Turno 1: Lobo Selvagem causou 2 de dano em ksl.
[2025-11-20 03:33:11] [COMBATE] Turno 2: ksl causou 23 de dano em Lobo Selvagem.
[2025-11-20 03:33:11] [COMBATE] Turno 2: Lobo Selvagem causou 3 de dano em ksl.
[2025-11-20 03:33:12] [COMBATE] Turno 3: ksl causou 19 de dano em Lobo Selvagem.
[2025-11-20 03:33:12] [INFO] Vitória. Ganhou 80 XP.
[2025-11-20 03:33:12] [INFO] Loot obtido: Poção de Vida
[2025-11-20 19:33:11] [INFO] Iniciando missão (Floresta): maiconjackson vs Lobo Selvagem
[2025-11-20 19:33:14] [COMBATE] Turno 1: maiconjackson causou 47 de dano em Lobo Selvagem.
[2025-11-20 19:33:15] [COMBATE] Turno 1: Lobo Selvagem causou 9 de dano em maiconjackson.
[2025-11-20 19:33:21] [COMBATE] Turno 2: maiconjackson causou 4 de dano em Lobo Selvagem.
[2025-11-20 19:33:26] [INFO] Iniciando missão (Caverna): maiconjackson vs Kobold Mineiro
[2025-11-20 19:33:28] [COMBATE] Turno 1: maiconjackson causou 47 de dano em Kobold Mineiro.
[2025-11-20 19:33:34] [INFO] Iniciando missão (Caverna): maiconjackson vs Morcego Gigante
[2025-11-20 19:33:36] [COMBATE] Turno 1: maiconjackson causou 49 de dano em Morcego Gigante.
[2025-11-20 19:33:42] [INFO] Iniciando missão (Trilha): maiconjackson vs Caçador de Recompensas
[2025-11-20 19:33:45] [COMBATE] Turno 1: maiconjackson causou 44 de dano em Caçador de Recompensas.
[2025-11-20 19:33:45] [COMBATE] Turno 1: Caçador de Recompensas causou 23 de dano em maiconjackson.
[2025-11-20 19:33:47] [COMBATE] Turno 2: maiconjackson causou 44 de dano em Caçador de Recompensas.
[2025-11-20 19:33:51] [INFO] Iniciando missão (Ruínas): maiconjackson vs Ghoul Devorador
[2025-11-20 19:33:53] [COMBATE] Turno 1: maiconjackson causou 47 de dano em Ghoul Devorador.
[2025-11-20 19:33:53] [COMBATE] Turno 1: Ghoul Devorador causou 15 de dano em maiconjackson.
[2025-11-20 19:33:54] [COMBATE] Turno 2: maiconjackson causou 47 de dano em Ghoul Devorador.
[2025-11-20 19:34:00] [INFO] Iniciando missão (Floresta): maiconjackson vs Goblin Saqueador
[2025-11-20 19:34:02] [COMBATE] Turno 1: maiconjackson causou 51 de dano em Goblin Saqueador.
[2025-11-20 19:34:07] [INFO] Iniciando missão (Caverna): maiconjackson vs Morcego Gigante
[2025-11-20 19:34:12] [COMBATE] Turno 2: maiconjackson causou 52 de dano em Morcego Gigante.
[2025-11-20 19:34:17] [INFO] Iniciando missão (Ruínas): maiconjackson vs Ghoul Devorador
[2025-11-20 19:34:20] [COMBATE] Turno 1: maiconjackson causou 49 de dano em Ghoul Devorador.
[2025-11-20 19:34:20] [COMBATE] Turno 1: Ghoul Devorador causou 17 de dano em maiconjackson.
[2025-11-20 19:34:21] [COMBATE] Turno 2: maiconjackson causou 49 de dano em Ghoul Devorador.
[2025-11-20 19:34:27] [INFO] Iniciando missão (Ruínas): maiconjackson vs Soldado Zumbi
[2025-11-20 19:34:28] [COMBATE] Turno 1: maiconjackson causou 47 de dano em Soldado Zumbi.
[2025-11-20 19:34:29] [COMBATE] Turno 1: Soldado Zumbi causou 8 de dano em maiconjackson.
[2025-11-20 19:34:30] [COMBATE] Turno 2: maiconjackson causou 47 de dano em Soldado Zumbi.
[2025-11-20 19:34:35] [INFO] Iniciando missão (Trilha): maiconjackson vs Caçador de Recompensas
[2025-11-20 19:34:36] [COMBATE] Turno 1: maiconjackson causou 46 de dano em Caçador de Recompensas.
[2025-11-20 19:34:37] [COMBATE] Turno 1: Caçador de Recompensas causou 16 de dano em maiconjackson.
[2025-11-20 19:34:37] [COMBATE] Turno 2: maiconjackson causou 46 de dano em Caçador de Recompensas.
[2025-11-20 19:34:44] [INFO] Iniciando missão (Ruínas): maiconjackson vs Ghoul Devorador
[2025-11-20 19:34:45] [COMBATE] Turno 1: maiconjackson causou 50 de dano em Ghoul Devorador.
[2025-11-20 19:34:46] [COMBATE] Turno 1: Ghoul Devorador causou 14 de dano em maiconjackson.
[2025-11-20 19:34:47] [COMBATE] Turno 2: maiconjackson causou 50 de dano em Ghoul Devorador.
[2025-11-20 19:34:52] [INFO] Iniciando missão (Trilha): maiconjackson vs Ladrão de Estrada
[2025-11-20 19:34:54] [COMBATE] Turno 1: maiconjackson causou 51 de dano em Ladrão de Estrada.
[2025-11-20 19:35:07] [INFO] Iniciando missão (Floresta): maiconjackson vs Lobo Selvagem
[2025-11-20 19:35:09] [COMBATE] Turno 1: maiconjackson causou 51 de dano em Lobo Selvagem.
[2025-11-20 19:35:09] [COMBATE] Turno 1: Lobo Selvagem causou 10 de dano em maiconjackson.
[2025-11-20 19:35:10] [COMBATE] Turno 2: maiconjackson causou 6 de dano em Lobo Selvagem.
[2025-11-20 19:35:15] [INFO] Iniciando missão (Floresta): maiconjackson vs Orc Guerreiro
[2025-11-20 19:35:20] [COMBATE] Turno 1: maiconjackson causou 48 de dano em Orc Guerreiro.
[2025-11-20 19:35:21] [COMBATE] Turno 1: Orc Guerreiro causou 15 de dano em maiconjackson.
[2025-11-20 19:35:22] [COMBATE] Turno 2: maiconjackson causou 48 de dano em Orc Guerreiro.
[2025-11-20 19:35:30] [INFO] Iniciando missão (Floresta): maiconjackson vs Orc Guerreiro
[2025-11-20 19:35:32] [COMBATE] Turno 1: maiconjackson causou 48 de dano em Orc Guerreiro.
[2025-11-20 19:35:33] [COMBATE] Turno 1: Orc Guerreiro causou 28 de dano em maiconjackson.
[2025-11-20 19:35:34] [COMBATE] Turno 2: maiconjackson causou 48 de dano em Orc Guerreiro.
[2025-11-20 19:35:39] [INFO] Iniciando missão (Ruínas): maiconjackson vs Espírito Sombrio
[2025-11-20 19:35:42] [COMBATE] Turno 1: maiconjackson causou 55 de dano em Espírito Sombrio.
[2025-11-20 19:35:47] [INFO] Iniciando missão (Ruínas): maiconjackson vs Soldado Zumbi
[2025-11-20 19:35:49] [COMBATE] Turno 1: maiconjackson causou 50 de dano em Soldado Zumbi.
[2025-11-20 19:35:49] [COMBATE] Turno 1: Soldado Zumbi causou 7 de dano em maiconjackson.
[2025-11-20 19:35:50] [COMBATE] Turno 2: maiconjackson causou 50 de dano em Soldado Zumbi.
[2025-11-20 19:35:54] [INFO] Iniciando missão (Trilha): maiconjackson vs Patrulheiro Elfo
[2025-11-20 19:35:56] [COMBATE] Turno 1: maiconjackson causou 52 de dano em Patrulheiro Elfo.
[2025-11-20 19:35:56] [COMBATE] Turno 1: Patrulheiro Elfo causou 16 de dano em maiconjackson.
[2025-11-20 19:35:57] [COMBATE] Turno 2: maiconjackson causou 52 de dano em Patrulheiro Elfo.
[2025-11-20 19:36:01] [INFO] Iniciando missão (Trilha): maiconjackson vs Ladrão de Estrada
[2025-11-20 19:36:03] [COMBATE] Turno 1: maiconjackson causou 53 de dano em Ladrão de Estrada.
[2025-11-20 19:36:08] [INFO] Iniciando missão (Trilha): maiconjackson vs Patrulheiro Elfo
[2025-11-20 19:36:09] [COMBATE] Turno 1: maiconjackson causou 52 de dano em Patrulheiro Elfo.
[2025-11-20 19:36:10] [COMBATE] Turno 1: Patrulheiro Elfo causou 17 de dano em maiconjackson.
[2025-11-20 19:36:10] [COMBATE] Turno 2: maiconjackson causou 52 de dano em Patrulheiro Elfo.
[2025-11-20 19:36:15] [INFO] Iniciando missão (Ruínas): maiconjackson vs Ghoul Devorador
[2025-11-20 19:36:16] [COMBATE] Turno 1: maiconjackson causou 53 de dano em Ghoul Devorador.
[2025-11-20 19:36:17] [COMBATE] Turno 1: Ghoul Devorador causou 21 de dano em maiconjackson.
[2025-11-20 19:36:18] [COMBATE] Turno 2: maiconjackson causou 53 de dano em Ghoul Devorador.
[2025-11-20 19:36:23] [INFO] Iniciando missão (Trilha): maiconjackson vs Ladrão de Estrada
[2025-11-20 19:36:25] [COMBATE] Turno 1: maiconjackson causou 54 de dano em Ladrão de Estrada.
[2025-11-20 19:36:30] [INFO] Iniciando missão (Floresta): maiconjackson vs Lobo Selvagem
[2025-11-20 19:36:32] [COMBATE] Turno 1: maiconjackson causou 54 de dano em Lobo Selvagem.
[2025-11-20 19:36:32] [COMBATE] Turno 1: Lobo Selvagem causou 18 de dano em maiconjackson.
[2025-11-20 19:36:37] [INFO] Iniciando missão (Caverna): maiconjackson vs Morcego Gigante
[2025-11-20 19:36:39] [COMBATE] Turno 1: maiconjackson causou 56 de dano em Morcego Gigante.
[2025-11-20 19:36:44] [INFO] Iniciando missão (Caverna): maiconjackson vs Morcego Gigante
[2025-11-20 19:36:45] [COMBATE] Turno 1: maiconjackson causou 56 de dano em Morcego Gigante.
[2025-11-20 19:36:49] [INFO] Iniciando missão (Caverna): maiconjackson vs Kobold Mineiro
[2025-11-20 19:36:51] [COMBATE] Turno 1: maiconjackson causou 54 de dano em Kobold Mineiro.
[2025-11-20 19:36:56] [INFO] Iniciando missão (Caverna): maiconjackson vs Gárgula de Pedra
[2025-11-20 19:36:57] [COMBATE] Turno 1: maiconjackson causou 41 de dano em Gárgula de Pedra.
[2025-11-20 19:36:58] [COMBATE] Turno 1: Gárgula de Pedra causou 13 de dano em maiconjackson.
[2025-11-20 19:36:58] [COMBATE] Turno 2: maiconjackson causou 41 de dano em Gárgula de Pedra.
[2025-11-20 20:06:29] [INFO] Iniciando missão (Floresta): maiconjackson vs Lobo Selvagem
[2025-11-20 20:06:32] [COMBATE] Turno 1: maiconjackson causou 54 de dano em Lobo Selvagem.
[2025-11-20 20:06:32] [COMBATE] Turno 1: Lobo Selvagem causou 10 de dano em maiconjackson.
[2025-11-20 20:06:37] [INFO] Iniciando missão (Ruínas): maiconjackson vs Soldado Zumbi
[2025-11-20 20:06:39] [COMBATE] Turno 1: maiconjackson causou 51 de dano em Soldado Zumbi.
[2025-11-20 20:06:40] [COMBATE] Turno 1: Soldado Zumbi causou 8 de dano em maiconjackson.
[2025-11-20 20:06:42] [COMBATE] Turno 2: maiconjackson causou 51 de dano em Soldado Zumbi.
